<?xml version="1.0" encoding="UTF-8"?>
<!-- Generated by org.testng.reporters.JUnitReportReporter -->
<testsuite hostname="DESKTOP-5E4S7R9" failures="0" tests="1" name="TestCase.softAssertion" time="0.016" errors="0" timestamp="2022-04-24T21:56:49 PDT" skipped="0">
  <testcase classname="TestCase.softAssertion" name="method2" time="0.016"/>
  <system-out/>
</testsuite> <!-- TestCase.softAssertion -->
