<?xml version="1.0" encoding="UTF-8"?>
<!-- Generated by org.testng.reporters.JUnitReportReporter -->
<testsuite hostname="DESKTOP-5E4S7R9" failures="0" tests="2" name="TestCase.GroupTest" time="0.012" errors="0" timestamp="2022-04-27T23:44:19 PDT" skipped="0">
  <testcase classname="TestCase.GroupTest" name="method1" time="0.010"/>
  <system-out/>
  <testcase classname="TestCase.GroupTest" name="method4" time="0.002"/>
  <system-out/>
</testsuite> <!-- TestCase.GroupTest -->
