<?xml version="1.0" encoding="UTF-8"?>
<!-- Generated by org.testng.reporters.JUnitReportReporter -->
<testsuite hostname="DESKTOP-5E4S7R9" failures="0" tests="4" name="TestCase.DashboardPageTest" time="75.786" errors="0" timestamp="2022-04-20T01:35:44 PDT" skipped="0">
  <testcase classname="TestCase.DashboardPageTest" name="varifyNicknameTest" time="21.584"/>
  <system-out>
    <![CDATA[Nick Name Is = Gaurav]]>
  </system-out>
  <testcase classname="TestCase.DashboardPageTest" name="varifyUserIdTest" time="19.404"/>
  <system-out>
    <![CDATA[User Id Is =LFK888]]>
  </system-out>
  <testcase classname="TestCase.DashboardPageTest" name="varifyEmailId" time="16.304"/>
  <system-out>
    <![CDATA[Email ID Is =rautgaurav1995.gr@gmail.com]]>
  </system-out>
  <testcase classname="TestCase.DashboardPageTest" name="varifyUsername" time="18.494"/>
  <system-out>
    <![CDATA[User Name Is =Gaurav Prakash Raut]]>
  </system-out>
</testsuite> <!-- TestCase.DashboardPageTest -->
