<?xml version="1.0" encoding="UTF-8"?>
<!-- Generated by org.testng.reporters.JUnitReportReporter -->
<testsuite hostname="DESKTOP-5E4S7R9" failures="0" tests="2" name="TestCase.ParralTesting" time="101.010" errors="0" timestamp="2022-04-24T22:36:03 PDT" skipped="0">
  <testcase classname="TestCase.ParralTesting" name="rediff" time="55.846"/>
  <system-out/>
  <testcase classname="TestCase.ParralTesting" name="fb" time="45.164"/>
  <system-out/>
</testsuite> <!-- TestCase.ParralTesting -->
