<?xml version="1.0" encoding="UTF-8"?>
<!-- Generated by org.testng.reporters.JUnitReportReporter -->
<testsuite hostname="DESKTOP-5E4S7R9" failures="0" tests="6" name="TestCase.LoginPageTest" time="84.345" errors="0" timestamp="2022-04-20T01:35:44 PDT" skipped="0">
  <testcase classname="TestCase.LoginPageTest" name="validateGetTitleTest" time="9.654"/>
  <system-out>
    <![CDATA[Title Of Page is = Kite - Zerodha's fast and elegant flagship trading platform]]>
  </system-out>
  <testcase classname="TestCase.LoginPageTest" name="LoginTest" time="15.097"/>
  <system-out>
    <![CDATA[ Login Is Successful ]]>
  </system-out>
  <testcase classname="TestCase.LoginPageTest" name="ZerodhaLogoTest" time="8.141"/>
  <system-out>
    <![CDATA[Zerodha Logo Is = true]]>
  </system-out>
  <testcase classname="TestCase.LoginPageTest" name="validateGetTitleTest" time="28.159"/>
  <system-out>
    <![CDATA[Title Of Page is = Kite - Zerodha's fast and elegant flagship trading platform]]>
  </system-out>
  <testcase classname="TestCase.LoginPageTest" name="KiteLogoTest" time="11.447"/>
  <system-out>
    <![CDATA[Kite Logo Is = true]]>
  </system-out>
  <testcase classname="TestCase.LoginPageTest" name="validateGetTitleTest" time="11.847"/>
  <system-out>
    <![CDATA[Title Of Page is = Kite - Zerodha's fast and elegant flagship trading platform]]>
  </system-out>
</testsuite> <!-- TestCase.LoginPageTest -->
