<?xml version="1.0" encoding="UTF-8"?>
<!-- Generated by org.testng.reporters.JUnitReportReporter -->
<testsuite hostname="DESKTOP-5E4S7R9" failures="0" tests="5" name="TestCase.PriorityTestCase" time="0.022" errors="0" timestamp="2022-04-10T22:34:19 PDT" skipped="0">
  <testcase classname="TestCase.PriorityTestCase" name="test4" time="0.007"/>
  <system-out/>
  <testcase classname="TestCase.PriorityTestCase" name="test5" time="0.003"/>
  <system-out/>
  <testcase classname="TestCase.PriorityTestCase" name="test1" time="0.007"/>
  <system-out/>
  <testcase classname="TestCase.PriorityTestCase" name="test2" time="0.001"/>
  <system-out/>
  <testcase classname="TestCase.PriorityTestCase" name="test3" time="0.004"/>
  <system-out/>
</testsuite> <!-- TestCase.PriorityTestCase -->
