<?xml version="1.0" encoding="UTF-8"?>
<!-- Generated by org.testng.reporters.JUnitReportReporter -->
<testsuite hostname="DESKTOP-5E4S7R9" failures="0" tests="1" name="Sample.sample1" time="0.018" errors="0" timestamp="2022-04-06T19:01:18 PDT" skipped="0">
  <testcase classname="Sample.sample1" name="sample" time="0.018"/>
  <system-out/>
</testsuite> <!-- Sample.sample1 -->
